[debug] [2021-02-02T12:17:48.176Z] ----------------------------------------------------------------------
[debug] [2021-02-02T12:17:48.180Z] Command:       C:\laragon\bin\nodejs\node-v12\node.exe C:\laragon\bin\nodejs\node-v12\node_modules\firebase-tools\lib\bin\firebase.js init
[debug] [2021-02-02T12:17:48.180Z] CLI Version:   9.3.0
[debug] [2021-02-02T12:17:48.180Z] Platform:      win32
[debug] [2021-02-02T12:17:48.181Z] Node Version:  v12.5.0
[debug] [2021-02-02T12:17:48.182Z] Time:          Tue Feb 02 2021 12:17:48 GMT+0000 (Greenwich Mean Time)
[debug] [2021-02-02T12:17:48.182Z] ----------------------------------------------------------------------
[debug] [2021-02-02T12:17:48.182Z] 
[debug] [2021-02-02T12:17:48.197Z] > command requires scopes: ["email","openid","https://www.googleapis.com/auth/cloudplatformprojects.readonly","https://www.googleapis.com/auth/firebase","https://www.googleapis.com/auth/cloud-platform"]
[debug] [2021-02-02T12:17:48.198Z] > authorizing via signed-in user
[info] 
     ######## #### ########  ######## ########     ###     ######  ########
     ##        ##  ##     ## ##       ##     ##  ##   ##  ##       ##
     ######    ##  ########  ######   ########  #########  ######  ######
     ##        ##  ##    ##  ##       ##     ## ##     ##       ## ##
     ##       #### ##     ## ######## ########  ##     ##  ######  ########

You're about to initialize a Firebase project in this directory:

  C:\laragon\www\blog 1\export\html

Before we get started, keep in mind:

  * You are currently outside your home directory

[info] 
=== Project Setup
[info] 
[info] First, let's associate this project directory with a Firebase project.
[info] You can create multiple project aliases by running firebase use --add, 
[info] but for now we'll just set up a default project.
[info] 
[info] i  If you want to create a project in a Google Cloud organization or folder, please use "firebase projects:create" instead, and return to this command when you've created the project. 
[debug] [2021-02-02T12:18:17.332Z] > refreshing access token with scopes: ["email","https://www.googleapis.com/auth/cloud-platform","https://www.googleapis.com/auth/cloudplatformprojects.readonly","https://www.googleapis.com/auth/firebase","openid"]
[debug] [2021-02-02T12:18:17.334Z] >>> HTTP REQUEST POST https://www.googleapis.com/oauth2/v3/token  
 <request body omitted>
[debug] [2021-02-02T12:18:17.416Z] <<< HTTP RESPONSE 200 {"pragma":"no-cache","expires":"Mon, 01 Jan 1990 00:00:00 GMT","date":"Tue, 02 Feb 2021 12:18:17 GMT","cache-control":"no-cache, no-store, max-age=0, must-revalidate","content-type":"application/json; charset=utf-8","vary":"X-Origin, Referer, Origin,Accept-Encoding","server":"scaffolding on HTTPServer2","x-xss-protection":"0","x-frame-options":"SAMEORIGIN","x-content-type-options":"nosniff","alt-svc":"h3-29=\":443\"; ma=2592000,h3-T051=\":443\"; ma=2592000,h3-Q050=\":443\"; ma=2592000,h3-Q046=\":443\"; ma=2592000,h3-Q043=\":443\"; ma=2592000,quic=\":443\"; ma=2592000; v=\"46,43\"","accept-ranges":"none","transfer-encoding":"chunked"}
[debug] [2021-02-02T12:18:17.427Z] >>> HTTP REQUEST POST https://cloudresourcemanager.googleapis.com/v1/projects  
 {"projectId":"arabianan1","name":"arabianan1"}
[debug] [2021-02-02T12:18:18.765Z] <<< HTTP RESPONSE 200 {"content-type":"application/json; charset=UTF-8","vary":"X-Origin, Referer, Origin,Accept-Encoding","date":"Tue, 02 Feb 2021 12:18:18 GMT","server":"ESF","cache-control":"private","x-xss-protection":"0","x-frame-options":"SAMEORIGIN","x-content-type-options":"nosniff","server-timing":"gfet4t7; dur=1282","alt-svc":"h3-29=\":443\"; ma=2592000,h3-T051=\":443\"; ma=2592000,h3-Q050=\":443\"; ma=2592000,h3-Q046=\":443\"; ma=2592000,h3-Q043=\":443\"; ma=2592000,quic=\":443\"; ma=2592000; v=\"46,43\"","accept-ranges":"none","transfer-encoding":"chunked"}
[debug] [2021-02-02T12:18:18.768Z] > refreshing access token with scopes: []
[debug] [2021-02-02T12:18:18.768Z] >>> HTTP REQUEST POST https://www.googleapis.com/oauth2/v3/token  
 <request body omitted>
[debug] [2021-02-02T12:18:18.797Z] <<< HTTP RESPONSE 200 {"expires":"Mon, 01 Jan 1990 00:00:00 GMT","pragma":"no-cache","date":"Tue, 02 Feb 2021 12:18:18 GMT","cache-control":"no-cache, no-store, max-age=0, must-revalidate","content-type":"application/json; charset=utf-8","vary":"X-Origin, Referer, Origin,Accept-Encoding","server":"scaffolding on HTTPServer2","x-xss-protection":"0","x-frame-options":"SAMEORIGIN","x-content-type-options":"nosniff","alt-svc":"h3-29=\":443\"; ma=2592000,h3-T051=\":443\"; ma=2592000,h3-Q050=\":443\"; ma=2592000,h3-Q046=\":443\"; ma=2592000,h3-Q043=\":443\"; ma=2592000,quic=\":443\"; ma=2592000; v=\"46,43\"","accept-ranges":"none","transfer-encoding":"chunked"}
[debug] [2021-02-02T12:18:18.804Z] >>> [apiv2][query] GET https://cloudresourcemanager.googleapis.com/v1/operations/cp.5791914523818640821 [none]
[debug] [2021-02-02T12:18:20.016Z] <<< [apiv2][status] GET https://cloudresourcemanager.googleapis.com/v1/operations/cp.5791914523818640821 200
[debug] [2021-02-02T12:18:20.016Z] <<< [apiv2][body] GET https://cloudresourcemanager.googleapis.com/v1/operations/cp.5791914523818640821 {"name":"operations/cp.5791914523818640821"}
[debug] [2021-02-02T12:18:20.519Z] [Project Creation Poller] Retrying task index 0
[debug] [2021-02-02T12:18:20.520Z] >>> [apiv2][query] GET https://cloudresourcemanager.googleapis.com/v1/operations/cp.5791914523818640821 [none]
[debug] [2021-02-02T12:18:21.766Z] <<< [apiv2][status] GET https://cloudresourcemanager.googleapis.com/v1/operations/cp.5791914523818640821 200
[debug] [2021-02-02T12:18:21.766Z] <<< [apiv2][body] GET https://cloudresourcemanager.googleapis.com/v1/operations/cp.5791914523818640821 {"name":"operations/cp.5791914523818640821","metadata":{"@type":"type.googleapis.com/google.cloudresourcemanager.v1.ProjectCreationStatus","gettable":true,"ready":true},"done":true,"response":{"@type":"type.googleapis.com/google.cloudresourcemanager.v1.Project","projectNumber":"573355530844","projectId":"arabianan1","lifecycleState":"ACTIVE","name":"arabianan1","createTime":"2021-02-02T12:18:18.573Z"}}
[debug] [2021-02-02T12:18:21.768Z] > refreshing access token with scopes: ["email","https://www.googleapis.com/auth/cloud-platform","https://www.googleapis.com/auth/cloudplatformprojects.readonly","https://www.googleapis.com/auth/firebase","openid"]
[debug] [2021-02-02T12:18:21.768Z] >>> HTTP REQUEST POST https://www.googleapis.com/oauth2/v3/token  
 <request body omitted>
[debug] [2021-02-02T12:18:21.808Z] <<< HTTP RESPONSE 200 {"date":"Tue, 02 Feb 2021 12:18:21 GMT","expires":"Mon, 01 Jan 1990 00:00:00 GMT","pragma":"no-cache","cache-control":"no-cache, no-store, max-age=0, must-revalidate","content-type":"application/json; charset=utf-8","vary":"X-Origin, Referer, Origin,Accept-Encoding","server":"scaffolding on HTTPServer2","x-xss-protection":"0","x-frame-options":"SAMEORIGIN","x-content-type-options":"nosniff","alt-svc":"h3-29=\":443\"; ma=2592000,h3-T051=\":443\"; ma=2592000,h3-Q050=\":443\"; ma=2592000,h3-Q046=\":443\"; ma=2592000,h3-Q043=\":443\"; ma=2592000,quic=\":443\"; ma=2592000; v=\"46,43\"","accept-ranges":"none","transfer-encoding":"chunked"}
[debug] [2021-02-02T12:18:21.813Z] >>> HTTP REQUEST POST https://firebase.googleapis.com/v1beta1/projects/arabianan1:addFirebase  
 
[debug] [2021-02-02T12:18:25.346Z] <<< HTTP RESPONSE 200 {"content-type":"application/json; charset=UTF-8","vary":"X-Origin, Referer, Origin,Accept-Encoding","date":"Tue, 02 Feb 2021 12:18:25 GMT","server":"ESF","cache-control":"private","x-xss-protection":"0","x-frame-options":"SAMEORIGIN","x-content-type-options":"nosniff","alt-svc":"h3-29=\":443\"; ma=2592000,h3-T051=\":443\"; ma=2592000,h3-Q050=\":443\"; ma=2592000,h3-Q046=\":443\"; ma=2592000,h3-Q043=\":443\"; ma=2592000,quic=\":443\"; ma=2592000; v=\"46,43\"","accept-ranges":"none","transfer-encoding":"chunked"}
[debug] [2021-02-02T12:18:25.347Z] > refreshing access token with scopes: []
[debug] [2021-02-02T12:18:25.347Z] >>> HTTP REQUEST POST https://www.googleapis.com/oauth2/v3/token  
 <request body omitted>
[debug] [2021-02-02T12:18:25.386Z] <<< HTTP RESPONSE 200 {"cache-control":"no-cache, no-store, max-age=0, must-revalidate","expires":"Mon, 01 Jan 1990 00:00:00 GMT","pragma":"no-cache","date":"Tue, 02 Feb 2021 12:18:25 GMT","content-type":"application/json; charset=utf-8","vary":"X-Origin, Referer, Origin,Accept-Encoding","server":"scaffolding on HTTPServer2","x-xss-protection":"0","x-frame-options":"SAMEORIGIN","x-content-type-options":"nosniff","alt-svc":"h3-29=\":443\"; ma=2592000,h3-T051=\":443\"; ma=2592000,h3-Q050=\":443\"; ma=2592000,h3-Q046=\":443\"; ma=2592000,h3-Q043=\":443\"; ma=2592000,quic=\":443\"; ma=2592000; v=\"46,43\"","accept-ranges":"none","transfer-encoding":"chunked"}
[debug] [2021-02-02T12:18:25.390Z] >>> [apiv2][query] GET https://firebase.googleapis.com/v1beta1/operations/workflows/ZjIyMTgwN2QtY2VhZC00NzY2LWFkOGItYmM0ZjY1ZDk2YjU4 [none]
[debug] [2021-02-02T12:18:26.618Z] <<< [apiv2][status] GET https://firebase.googleapis.com/v1beta1/operations/workflows/ZjIyMTgwN2QtY2VhZC00NzY2LWFkOGItYmM0ZjY1ZDk2YjU4 200
[debug] [2021-02-02T12:18:26.618Z] <<< [apiv2][body] GET https://firebase.googleapis.com/v1beta1/operations/workflows/ZjIyMTgwN2QtY2VhZC00NzY2LWFkOGItYmM0ZjY1ZDk2YjU4 {"name":"operations/workflows/ZjIyMTgwN2QtY2VhZC00NzY2LWFkOGItYmM0ZjY1ZDk2YjU4"}
[debug] [2021-02-02T12:18:27.119Z] [Add Firebase Poller] Retrying task index 0
[debug] [2021-02-02T12:18:27.120Z] >>> [apiv2][query] GET https://firebase.googleapis.com/v1beta1/operations/workflows/ZjIyMTgwN2QtY2VhZC00NzY2LWFkOGItYmM0ZjY1ZDk2YjU4 [none]
[debug] [2021-02-02T12:18:28.227Z] <<< [apiv2][status] GET https://firebase.googleapis.com/v1beta1/operations/workflows/ZjIyMTgwN2QtY2VhZC00NzY2LWFkOGItYmM0ZjY1ZDk2YjU4 200
[debug] [2021-02-02T12:18:28.228Z] <<< [apiv2][body] GET https://firebase.googleapis.com/v1beta1/operations/workflows/ZjIyMTgwN2QtY2VhZC00NzY2LWFkOGItYmM0ZjY1ZDk2YjU4 {"name":"operations/workflows/ZjIyMTgwN2QtY2VhZC00NzY2LWFkOGItYmM0ZjY1ZDk2YjU4"}
[debug] [2021-02-02T12:18:29.233Z] [Add Firebase Poller] Retrying task index 0
[debug] [2021-02-02T12:18:29.233Z] >>> [apiv2][query] GET https://firebase.googleapis.com/v1beta1/operations/workflows/ZjIyMTgwN2QtY2VhZC00NzY2LWFkOGItYmM0ZjY1ZDk2YjU4 [none]
[debug] [2021-02-02T12:18:30.299Z] <<< [apiv2][status] GET https://firebase.googleapis.com/v1beta1/operations/workflows/ZjIyMTgwN2QtY2VhZC00NzY2LWFkOGItYmM0ZjY1ZDk2YjU4 200
[debug] [2021-02-02T12:18:30.299Z] <<< [apiv2][body] GET https://firebase.googleapis.com/v1beta1/operations/workflows/ZjIyMTgwN2QtY2VhZC00NzY2LWFkOGItYmM0ZjY1ZDk2YjU4 {"name":"operations/workflows/ZjIyMTgwN2QtY2VhZC00NzY2LWFkOGItYmM0ZjY1ZDk2YjU4"}
[debug] [2021-02-02T12:18:32.302Z] [Add Firebase Poller] Retrying task index 0
[debug] [2021-02-02T12:18:32.302Z] >>> [apiv2][query] GET https://firebase.googleapis.com/v1beta1/operations/workflows/ZjIyMTgwN2QtY2VhZC00NzY2LWFkOGItYmM0ZjY1ZDk2YjU4 [none]
[debug] [2021-02-02T12:18:33.178Z] <<< [apiv2][status] GET https://firebase.googleapis.com/v1beta1/operations/workflows/ZjIyMTgwN2QtY2VhZC00NzY2LWFkOGItYmM0ZjY1ZDk2YjU4 200
[debug] [2021-02-02T12:18:33.178Z] <<< [apiv2][body] GET https://firebase.googleapis.com/v1beta1/operations/workflows/ZjIyMTgwN2QtY2VhZC00NzY2LWFkOGItYmM0ZjY1ZDk2YjU4 {"name":"operations/workflows/ZjIyMTgwN2QtY2VhZC00NzY2LWFkOGItYmM0ZjY1ZDk2YjU4"}
[debug] [2021-02-02T12:18:37.179Z] [Add Firebase Poller] Retrying task index 0
[debug] [2021-02-02T12:18:37.179Z] >>> [apiv2][query] GET https://firebase.googleapis.com/v1beta1/operations/workflows/ZjIyMTgwN2QtY2VhZC00NzY2LWFkOGItYmM0ZjY1ZDk2YjU4 [none]
[debug] [2021-02-02T12:18:38.051Z] <<< [apiv2][status] GET https://firebase.googleapis.com/v1beta1/operations/workflows/ZjIyMTgwN2QtY2VhZC00NzY2LWFkOGItYmM0ZjY1ZDk2YjU4 200
[debug] [2021-02-02T12:18:38.052Z] <<< [apiv2][body] GET https://firebase.googleapis.com/v1beta1/operations/workflows/ZjIyMTgwN2QtY2VhZC00NzY2LWFkOGItYmM0ZjY1ZDk2YjU4 {"name":"operations/workflows/ZjIyMTgwN2QtY2VhZC00NzY2LWFkOGItYmM0ZjY1ZDk2YjU4","done":true,"response":{"@type":"type.googleapis.com/google.firebase.service.v1beta1.FirebaseProject","projectId":"arabianan1","projectNumber":"573355530844","displayName":"arabianan1","name":"projects/arabianan1","resources":{"hostingSite":"arabianan1"}}}
[info] 
[info] === Your Firebase project is ready! ===
[info] 
[info] Project information:
[info]    - Project ID: arabianan1
[info]    - Project Name: arabianan1
[info] 
[info] Firebase console is available at
[info] https://console.firebase.google.com/project/arabianan1/overview
[info] i  Using project arabianan1 (arabianan1) 
[info] 
=== Hosting Setup
[info] 
[info] Your public directory is the folder (relative to your project directory) that
[info] will contain Hosting assets to be uploaded with firebase deploy. If you
[info] have a build process for your assets, use your build's output directory.
[info] 
[debug] [2021-02-02T12:18:44.924Z] >>> [apiv2][query] GET https://www.gstatic.com/firebasejs/releases.json [none]
[debug] [2021-02-02T12:18:44.937Z] <<< [apiv2][status] GET https://www.gstatic.com/firebasejs/releases.json 200
[debug] [2021-02-02T12:18:44.938Z] <<< [apiv2][body] GET https://www.gstatic.com/firebasejs/releases.json {"current":{"version":"8.2.5","browserURL":"https://www.gstatic.com/firebasejs/8.2.5/firebase.js","packageURL":"https://www.gstatic.com/firebasejs/8.2.5/firebase.tgz"},"live":{"version":"8.2","browserURL":"https://www.gstatic.com/firebasejs/live/8.2/firebase.js","packageURL":"https://www.gstatic.com/firebasejs/live/8.2/firebase.tgz"},"components":{"analytics":"https://www.gstatic.com/firebasejs/8.2.5/firebase-analytics.js","app":"https://www.gstatic.com/firebasejs/8.2.5/firebase-app.js","auth":"https://www.gstatic.com/firebasejs/8.2.5/firebase-auth.js","database":"https://www.gstatic.com/firebasejs/8.2.5/firebase-database.js","firestore":"https://www.gstatic.com/firebasejs/8.2.5/firebase-firestore.js","functions":"https://www.gstatic.com/firebasejs/8.2.5/firebase-functions.js","installations":"https://www.gstatic.com/firebasejs/8.2.5/firebase-installations.js","messaging":"https://www.gstatic.com/firebasejs/8.2.5/firebase-messaging.js","storage":"https://www.gstatic.com/firebasejs/8.2.5/firebase-storage.js","performance":"https://www.gstatic.com/firebasejs/8.2.5/firebase-performance.js","remote-config":"https://www.gstatic.com/firebasejs/8.2.5/firebase-remote-config.js","firestore.memory":"https://www.gstatic.com/firebasejs/8.2.5/firebase-firestore.memory.js"}}
[info] +  Wrote html/index.html 
[info] 
[info] i  Detected a .git folder at C:\laragon\www\blog 1 
[info] i  Authorizing with GitHub to upload your service account to a GitHub repository's secrets store. 
[info] 
[info] Visit this URL on this device to log in:
[info] https://github.com/login/oauth/authorize?client_id=89cf50f02ac6aaed3484&state=636199192&redirect_uri=http%3A%2F%2Flocalhost%3A9005&scope=read%3Auser%20repo%20public_repo
[info] 
[info] Waiting for authentication...
[debug] [2021-02-02T12:19:36.484Z] >>> HTTP REQUEST POST https://github.com/login/oauth/access_token  
 {"client_id":"89cf50f02ac6aaed3484","client_secret":"3330d14abc895d9a74d5f17cd7a00711fa2c5bf0","code":"4811b57bcf03b1dd6dfe","redirect_uri":"http://localhost:9005","state":"636199192"}
[debug] [2021-02-02T12:19:36.806Z] <<< HTTP RESPONSE 200 {"date":"Tue, 02 Feb 2021 12:19:36 GMT","content-type":"application/json; charset=utf-8","transfer-encoding":"chunked","server":"GitHub.com","status":"200 OK","vary":"X-PJAX, Accept-Encoding, Accept, X-Requested-With, Accept-Encoding","etag":"W/\"8e5dd08d9db7d6b319e08d1f5ae48e17\"","cache-control":"max-age=0, private, must-revalidate","strict-transport-security":"max-age=31536000; includeSubdomains; preload","x-frame-options":"deny","x-content-type-options":"nosniff","x-xss-protection":"1; mode=block","referrer-policy":"origin-when-cross-origin, strict-origin-when-cross-origin","expect-ct":"max-age=2592000, report-uri=\"https://api.github.com/_private/browser/errors\"","content-security-policy":"default-src 'none'; base-uri 'self'; block-all-mixed-content; connect-src 'self' uploads.github.com www.githubstatus.com collector.githubapp.com api.github.com github-cloud.s3.amazonaws.com github-production-repository-file-5c1aeb.s3.amazonaws.com github-production-upload-manifest-file-7fdce7.s3.amazonaws.com github-production-user-asset-6210df.s3.amazonaws.com cdn.optimizely.com logx.optimizely.com/v1/events wss://alive.github.com; font-src github.githubassets.com; form-action 'self' github.com gist.github.com; frame-ancestors 'none'; frame-src render.githubusercontent.com; img-src 'self' data: github.githubassets.com identicons.github.com collector.githubapp.com github-cloud.s3.amazonaws.com *.githubusercontent.com; manifest-src 'self'; media-src 'none'; script-src github.githubassets.com; style-src 'unsafe-inline' github.githubassets.com; worker-src github.com/socket-worker-5029ae85.js gist.github.com/socket-worker-5029ae85.js","x-github-request-id":"F922:7A11:1BB9959:1FB75D6:60194358"}
[debug] [2021-02-02T12:19:36.807Z] >>> [apiv2][query] GET https://api.github.com/user [none]
[debug] [2021-02-02T12:19:37.196Z] <<< [apiv2][status] GET https://api.github.com/user 200
[debug] [2021-02-02T12:19:37.196Z] <<< [apiv2][body] GET https://api.github.com/user {"login":"deidarakisama9","id":78398346,"node_id":"MDQ6VXNlcjc4Mzk4MzQ2","avatar_url":"https://avatars.githubusercontent.com/u/78398346?v=4","gravatar_id":"","url":"https://api.github.com/users/deidarakisama9","html_url":"https://github.com/deidarakisama9","followers_url":"https://api.github.com/users/deidarakisama9/followers","following_url":"https://api.github.com/users/deidarakisama9/following{/other_user}","gists_url":"https://api.github.com/users/deidarakisama9/gists{/gist_id}","starred_url":"https://api.github.com/users/deidarakisama9/starred{/owner}{/repo}","subscriptions_url":"https://api.github.com/users/deidarakisama9/subscriptions","organizations_url":"https://api.github.com/users/deidarakisama9/orgs","repos_url":"https://api.github.com/users/deidarakisama9/repos","events_url":"https://api.github.com/users/deidarakisama9/events{/privacy}","received_events_url":"https://api.github.com/users/deidarakisama9/received_events","type":"User","site_admin":false,"name":null,"company":null,"blog":"","location":null,"email":null,"hireable":null,"bio":null,"twitter_username":null,"public_repos":9,"public_gists":0,"followers":0,"following":0,"created_at":"2021-02-02T03:53:42Z","updated_at":"2021-02-02T12:19:36Z","private_gists":0,"total_private_repos":0,"owned_private_repos":0,"disk_usage":205897,"collaborators":0,"two_factor_authentication":false,"plan":{"name":"free","space":976562499,"collaborators":0,"private_repos":10000}}
[info] 
[info] +  Success! Logged into GitHub as deidarakisama9 
[info] 
